Build started 08/08/2017 16:29:54.
     1>Project "C:\Users\indiara.menegat\Documents\Visual Studio 2010\Projects\Application\Application\Application.vcxproj" on node 2 (build target(s)).
     1>InitializeBuildStatus:
         Creating "Debug\Application.unsuccessfulbuild" because "AlwaysCreate" was specified.
       ClCompile:
         c:\Program Files (x86)\Microsoft Visual Studio 10.0\VC\bin\CL.exe /c /ZI /nologo /W3 /WX- /Od /Oy- /D WIN32 /D _DEBUG /D _CONSOLE /D _UNICODE /D UNICODE /Gm /EHsc /RTC1 /MDd /GS /fp:precise /Zc:wchar_t /Zc:forScope /Fo"Debug\\" /Fd"Debug\vc100.pdb" /Gd /TP /analyze- /errorReport:prompt main.cpp
         main.cpp
       ManifestResourceCompile:
         All outputs are up-to-date.
       Link:
         c:\Program Files (x86)\Microsoft Visual Studio 10.0\VC\bin\link.exe /ERRORREPORT:PROMPT /OUT:"C:\Users\indiara.menegat\Documents\Visual Studio 2010\Projects\Application\Debug\Application.exe" /INCREMENTAL /NOLOGO kernel32.lib user32.lib gdi32.lib winspool.lib comdlg32.lib advapi32.lib shell32.lib ole32.lib oleaut32.lib uuid.lib odbc32.lib odbccp32.lib /MANIFEST /ManifestFile:"Debug\Application.exe.intermediate.manifest" /MANIFESTUAC:"level='asInvoker' uiAccess='false'" /DEBUG /PDB:"C:\Users\indiara.menegat\Documents\Visual Studio 2010\Projects\Application\Debug\Application.pdb" /SUBSYSTEM:CONSOLE /TLBID:1 /DYNAMICBASE /NXCOMPAT /IMPLIB:"C:\Users\indiara.menegat\Documents\Visual Studio 2010\Projects\Application\Debug\Application.lib" /MACHINE:X86 Debug\Application.exe.embed.manifest.res
         Debug\CmdAdd.obj
         Debug\CmdChooseList2.obj
         Debug\CmdClear.obj
         Debug\CmdConcatenate.obj
         Debug\CmdChooseList1.obj
         Debug\CmdDel.obj
         Debug\CmdPrint.obj
         Debug\CmdShowMainMenu.obj
         Debug\CmdSort.obj
         Debug\ListStructure.obj
         Debug\main.obj
         Debug\MyAPP.obj
         Debug\MyCmd.obj
         Debug\MyData.obj
         Debug\MyUI.obj
       Manifest:
         c:\Program Files (x86)\Microsoft SDKs\Windows\v7.0A\bin\mt.exe /nologo /verbose /out:"Debug\Application.exe.embed.manifest" /manifest Debug\Application.exe.intermediate.manifest
         All outputs are up-to-date.
       LinkEmbedManifest:
         All outputs are up-to-date.
         Application.vcxproj -> C:\Users\indiara.menegat\Documents\Visual Studio 2010\Projects\Application\Debug\Application.exe
       FinalizeBuildStatus:
         Deleting file "Debug\Application.unsuccessfulbuild".
         Touching "Debug\Application.lastbuildstate".
     1>Done Building Project "C:\Users\indiara.menegat\Documents\Visual Studio 2010\Projects\Application\Application\Application.vcxproj" (build target(s)).

Build succeeded.

Time Elapsed 00:00:00.99
